<?xml version="1.0" encoding="UTF-8"?>
<coverage generated="1511683846220" clover="3.2.0">
  <project timestamp="1511683846221" name="All files">
    <metrics statements="41" coveredstatements="15" conditionals="3" coveredconditionals="0" methods="28" coveredmethods="8" elements="72" coveredelements="23" complexity="0" loc="41" ncloc="41" packages="2" files="4" classes="4">
      <package name="components">
        <metrics statements="18" coveredstatements="7" conditionals="3" coveredconditionals="0" methods="13" coveredmethods="4"/>
        <file name="Article.js" path="/Users/zhangbang/project/advanced-react/lib/components/Article.js">
          <metrics statements="7" coveredstatements="3" conditionals="0" coveredconditionals="0" methods="3" coveredmethods="0"/>
          <line num="5" count="1" type="stmt"/>
          <line num="18" count="1" type="stmt"/>
          <line num="19" count="0" type="stmt"/>
          <line num="24" count="0" type="stmt"/>
          <line num="25" count="0" type="stmt"/>
          <line num="41" count="0" type="stmt"/>
          <line num="46" count="1" type="stmt"/>
        </file>
        <file name="ArticleList.js" path="/Users/zhangbang/project/advanced-react/lib/components/ArticleList.js">
          <metrics statements="2" coveredstatements="2" conditionals="0" coveredconditionals="0" methods="2" coveredmethods="2"/>
          <line num="7" count="1" type="stmt"/>
          <line num="10" count="2" type="stmt"/>
        </file>
        <file name="storeProvider.js" path="/Users/zhangbang/project/advanced-react/lib/components/storeProvider.js">
          <metrics statements="9" coveredstatements="2" conditionals="3" coveredconditionals="0" methods="8" coveredmethods="2"/>
          <line num="4" count="1" type="cond" truecount="0" falsecount="1"/>
          <line num="5" count="1" type="stmt"/>
          <line num="12" count="0" type="stmt"/>
          <line num="18" count="0" type="cond" truecount="0" falsecount="2"/>
          <line num="19" count="0" type="stmt"/>
          <line num="23" count="0" type="stmt"/>
          <line num="26" count="0" type="stmt"/>
          <line num="27" count="0" type="stmt"/>
          <line num="30" count="0" type="stmt"/>
        </file>
      </package>
      <package name="state-api.lib">
        <metrics statements="23" coveredstatements="8" conditionals="0" coveredconditionals="0" methods="15" coveredmethods="4"/>
        <file name="index.js" path="/Users/zhangbang/project/advanced-react/lib/state-api/lib/index.js">
          <metrics statements="23" coveredstatements="8" conditionals="0" coveredconditionals="0" methods="15" coveredmethods="4"/>
          <line num="3" count="1" type="stmt"/>
          <line num="9" count="1" type="stmt"/>
          <line num="10" count="1" type="stmt"/>
          <line num="11" count="1" type="stmt"/>
          <line num="12" count="0" type="stmt"/>
          <line num="16" count="0" type="stmt"/>
          <line num="24" count="0" type="stmt"/>
          <line num="28" count="2" type="stmt"/>
          <line num="29" count="9" type="stmt"/>
          <line num="30" count="9" type="stmt"/>
          <line num="35" count="0" type="stmt"/>
          <line num="39" count="2" type="stmt"/>
          <line num="43" count="0" type="stmt"/>
          <line num="44" count="0" type="stmt"/>
          <line num="45" count="0" type="stmt"/>
          <line num="49" count="0" type="stmt"/>
          <line num="53" count="0" type="stmt"/>
          <line num="57" count="0" type="stmt"/>
          <line num="61" count="0" type="stmt"/>
          <line num="65" count="0" type="stmt"/>
          <line num="71" count="0" type="stmt"/>
          <line num="75" count="0" type="stmt"/>
          <line num="76" count="0" type="stmt"/>
        </file>
      </package>
    </metrics>
  </project>
</coverage>
