TN:
SF:/Users/zhangbang/project/advanced-react/lib/components/Article.js
FN:18,(anonymous_0)
FN:23,(anonymous_1)
FN:40,extraProps
FNF:3
FNH:0
FNDA:0,(anonymous_0)
FNDA:0,(anonymous_1)
FNDA:0,extraProps
DA:5,1
DA:18,1
DA:19,0
DA:24,0
DA:25,0
DA:41,0
DA:46,1
LF:7
LH:3
BRF:0
BRH:0
end_of_record
TN:
SF:/Users/zhangbang/project/advanced-react/lib/components/ArticleList.js
FN:6,(anonymous_0)
FN:9,(anonymous_1)
FNF:2
FNH:2
FNDA:1,(anonymous_0)
FNDA:2,(anonymous_1)
DA:7,1
DA:10,2
LF:2
LH:2
BRF:0
BRH:0
end_of_record
TN:
SF:/Users/zhangbang/project/advanced-react/lib/components/storeProvider.js
FN:4,(anonymous_0)
FN:4,(anonymous_1)
FN:4,(anonymous_2)
FN:11,(anonymous_3)
FN:17,(anonymous_4)
FN:22,(anonymous_5)
FN:25,(anonymous_6)
FN:29,(anonymous_7)
FNF:8
FNH:2
FNDA:1,(anonymous_0)
FNDA:0,(anonymous_1)
FNDA:1,(anonymous_2)
FNDA:0,(anonymous_3)
FNDA:0,(anonymous_4)
FNDA:0,(anonymous_5)
FNDA:0,(anonymous_6)
FNDA:0,(anonymous_7)
DA:4,1
DA:5,1
DA:12,0
DA:18,0
DA:19,0
DA:23,0
DA:26,0
DA:27,0
DA:30,0
LF:9
LH:2
BRDA:4,0,0,0
BRDA:18,1,0,0
BRDA:18,1,1,0
BRF:3
BRH:0
end_of_record
TN:
SF:/Users/zhangbang/project/advanced-react/lib/state-api/lib/index.js
FN:2,(anonymous_0)
FN:11,(anonymous_1)
FN:27,(anonymous_2)
FN:28,(anonymous_3)
FN:34,(anonymous_4)
FN:38,(anonymous_5)
FN:42,(anonymous_6)
FN:48,(anonymous_7)
FN:52,(anonymous_8)
FN:53,(anonymous_9)
FN:56,(anonymous_10)
FN:64,(anonymous_11)
FN:70,(anonymous_12)
FN:74,(anonymous_13)
FN:75,(anonymous_14)
FNF:15
FNH:4
FNDA:1,(anonymous_0)
FNDA:0,(anonymous_1)
FNDA:2,(anonymous_2)
FNDA:9,(anonymous_3)
FNDA:0,(anonymous_4)
FNDA:2,(anonymous_5)
FNDA:0,(anonymous_6)
FNDA:0,(anonymous_7)
FNDA:0,(anonymous_8)
FNDA:0,(anonymous_9)
FNDA:0,(anonymous_10)
FNDA:0,(anonymous_11)
FNDA:0,(anonymous_12)
FNDA:0,(anonymous_13)
FNDA:0,(anonymous_14)
DA:3,1
DA:9,1
DA:10,1
DA:11,1
DA:12,0
DA:16,0
DA:24,0
DA:28,2
DA:29,9
DA:30,9
DA:35,0
DA:39,2
DA:43,0
DA:44,0
DA:45,0
DA:49,0
DA:53,0
DA:57,0
DA:61,0
DA:65,0
DA:71,0
DA:75,0
DA:76,0
LF:23
LH:8
BRF:0
BRH:0
end_of_record
